# JRE version: Java(TM) SE Runtime Environment (17.0.15+9) (build 17.0.15+9-LTS-241)
# Java VM: Java HotSpot(TM) 64-Bit Server VM (17.0.15+9-LTS-241, mixed mode, sharing, tiered, compressed oops, compressed class ptrs, g1 gc, windows-amd64)
GC Precious Log:
 CPUs: 8 total, 8 available
 Memory: 8035M
 Large Page Support: Disabled
 NUMA Support: Disabled
 Compressed Oops: Enabled (32-bit)
 Heap Region Size: 1M
 Heap Min Capacity: 8M
 Heap Initial Capacity: 126M
 Heap Max Capacity: 2G
 Pre-touch: Disabled
 Parallel Workers: 8
 Concurrent Workers: 2
 Concurrent Refinement Workers: 8
 Periodic GC: Disabled
Heap:
 garbage-first heap   total 156672K, used 100359K [0x0000000080000000, 0x0000000100000000)
  region size 1024K, 34 young (34816K), 1 survivors (1024K)
 Metaspace       used 63138K, committed 63872K, reserved 491520K
  class space    used 8941K, committed 9280K, reserved 425984K
GC Heap History (20 events):
Event: 38.067 GC heap before
{Heap before GC invocations=15 (full 0):
 garbage-first heap   total 89088K, used 70318K [0x0000000080000000, 0x0000000100000000)
  region size 1024K, 33 young (33792K), 5 survivors (5120K)
 Metaspace       used 52305K, committed 52800K, reserved 491520K
  class space    used 7364K, committed 7616K, reserved 425984K
}
Event: 38.072 GC heap after
{Heap after GC invocations=16 (full 0):
 garbage-first heap   total 89088K, used 46156K [0x0000000080000000, 0x0000000100000000)
  region size 1024K, 5 young (5120K), 5 survivors (5120K)
 Metaspace       used 52305K, committed 52800K, reserved 491520K
  class space    used 7364K, committed 7616K, reserved 425984K
}
Event: 38.949 GC heap before
{Heap before GC invocations=16 (full 0):
 garbage-first heap   total 89088K, used 71756K [0x0000000080000000, 0x0000000100000000)
  region size 1024K, 30 young (30720K), 5 survivors (5120K)
 Metaspace       used 54647K, committed 55232K, reserved 491520K
  class space    used 7771K, committed 8064K, reserved 425984K
}
Event: 38.958 GC heap after
{Heap after GC invocations=17 (full 0):
 garbage-first heap   total 89088K, used 48129K [0x0000000080000000, 0x0000000100000000)
  region size 1024K, 2 young (2048K), 2 survivors (2048K)
 Metaspace       used 54647K, committed 55232K, reserved 491520K
  class space    used 7771K, committed 8064K, reserved 425984K
}
Event: 39.664 GC heap before
{Heap before GC invocations=18 (full 0):
 garbage-first heap   total 89088K, used 77825K [0x0000000080000000, 0x0000000100000000)
  region size 1024K, 24 young (24576K), 2 survivors (2048K)
 Metaspace       used 56749K, committed 57344K, reserved 491520K
  class space    used 8087K, committed 8384K, reserved 425984K
}
Event: 39.667 GC heap after
{Heap after GC invocations=19 (full 0):
 garbage-first heap   total 89088K, used 57837K [0x0000000080000000, 0x0000000100000000)
  region size 1024K, 4 young (4096K), 4 survivors (4096K)
 Metaspace       used 56749K, committed 57344K, reserved 491520K
  class space    used 8087K, committed 8384K, reserved 425984K
}
Event: 39.700 GC heap before
{Heap before GC invocations=19 (full 0):
 garbage-first heap   total 89088K, used 62957K [0x0000000080000000, 0x0000000100000000)
  region size 1024K, 5 young (5120K), 4 survivors (4096K)
 Metaspace       used 56794K, committed 57408K, reserved 491520K
  class space    used 8094K, committed 8384K, reserved 425984K
}
Event: 39.703 GC heap after
{Heap after GC invocations=20 (full 0):
 garbage-first heap   total 89088K, used 62517K [0x0000000080000000, 0x0000000100000000)
  region size 1024K, 1 young (1024K), 1 survivors (1024K)
 Metaspace       used 56794K, committed 57408K, reserved 491520K
  class space    used 8094K, committed 8384K, reserved 425984K
}
Event: 40.003 GC heap before
{Heap before GC invocations=20 (full 0):
 garbage-first heap   total 89088K, used 73781K [0x0000000080000000, 0x0000000100000000)
  region size 1024K, 12 young (12288K), 1 survivors (1024K)
 Metaspace       used 57557K, committed 58176K, reserved 491520K
  class space    used 8198K, committed 8512K, reserved 425984K
}
Event: 40.005 GC heap after
{Heap after GC invocations=21 (full 0):
 garbage-first heap   total 89088K, used 62742K [0x0000000080000000, 0x0000000100000000)
  region size 1024K, 1 young (1024K), 1 survivors (1024K)
 Metaspace       used 57557K, committed 58176K, reserved 491520K
  class space    used 8198K, committed 8512K, reserved 425984K
}
Event: 40.195 GC heap before
{Heap before GC invocations=22 (full 0):
 garbage-first heap   total 111616K, used 74006K [0x0000000080000000, 0x0000000100000000)
  region size 1024K, 13 young (13312K), 1 survivors (1024K)
 Metaspace       used 58731K, committed 59392K, reserved 491520K
  class space    used 8341K, committed 8640K, reserved 425984K
}
Event: 40.198 GC heap after
{Heap after GC invocations=23 (full 0):
 garbage-first heap   total 111616K, used 63697K [0x0000000080000000, 0x0000000100000000)
  region size 1024K, 2 young (2048K), 2 survivors (2048K)
 Metaspace       used 58731K, committed 59392K, reserved 491520K
  class space    used 8341K, committed 8640K, reserved 425984K
}
Event: 40.279 GC heap before
{Heap before GC invocations=23 (full 0):
 garbage-first heap   total 111616K, used 66769K [0x0000000080000000, 0x0000000100000000)
  region size 1024K, 5 young (5120K), 2 survivors (2048K)
 Metaspace       used 58864K, committed 59520K, reserved 491520K
  class space    used 8356K, committed 8640K, reserved 425984K
}
Event: 40.282 GC heap after
{Heap after GC invocations=24 (full 0):
 garbage-first heap   total 111616K, used 63480K [0x0000000080000000, 0x0000000100000000)
  region size 1024K, 1 young (1024K), 1 survivors (1024K)
 Metaspace       used 58864K, committed 59520K, reserved 491520K
  class space    used 8356K, committed 8640K, reserved 425984K
}
Event: 40.764 GC heap before
{Heap before GC invocations=24 (full 0):
 garbage-first heap   total 111616K, used 93176K [0x0000000080000000, 0x0000000100000000)
  region size 1024K, 30 young (30720K), 1 survivors (1024K)
 Metaspace       used 60615K, committed 61248K, reserved 491520K
  class space    used 8601K, committed 8896K, reserved 425984K
}
Event: 40.766 GC heap after
{Heap after GC invocations=25 (full 0):
 garbage-first heap   total 111616K, used 64537K [0x0000000080000000, 0x0000000100000000)
  region size 1024K, 2 young (2048K), 2 survivors (2048K)
 Metaspace       used 60615K, committed 61248K, reserved 491520K
  class space    used 8601K, committed 8896K, reserved 425984K
}
Event: 41.167 GC heap before
{Heap before GC invocations=26 (full 0):
 garbage-first heap   total 116736K, used 92185K [0x0000000080000000, 0x0000000100000000)
  region size 1024K, 29 young (29696K), 2 survivors (2048K)
 Metaspace       used 61767K, committed 62336K, reserved 491520K
  class space    used 8758K, committed 9024K, reserved 425984K
}
Event: 41.171 GC heap after
{Heap after GC invocations=27 (full 0):
 garbage-first heap   total 116736K, used 67638K [0x0000000080000000, 0x0000000100000000)
  region size 1024K, 4 young (4096K), 4 survivors (4096K)
 Metaspace       used 61767K, committed 62336K, reserved 491520K
  class space    used 8758K, committed 9024K, reserved 425984K
}
Event: 41.182 GC heap before
{Heap before GC invocations=27 (full 0):
 garbage-first heap   total 116736K, used 68662K [0x0000000080000000, 0x0000000100000000)
  region size 1024K, 5 young (5120K), 4 survivors (4096K)
 Metaspace       used 61767K, committed 62336K, reserved 491520K
  class space    used 8758K, committed 9024K, reserved 425984K
}
Event: 41.187 GC heap after
{Heap after GC invocations=28 (full 0):
 garbage-first heap   total 156672K, used 67591K [0x0000000080000000, 0x0000000100000000)
  region size 1024K, 1 young (1024K), 1 survivors (1024K)
 Metaspace       used 61767K, committed 62336K, reserved 491520K
  class space    used 8758K, committed 9024K, reserved 425984K
}

